[23:01:14] [Client thread/INFO]: Setting user: Player930
[23:01:20] [Client thread/INFO]: LWJGL Version: 2.9.4
[23:01:29] [Client thread/INFO]: Reloading ResourceManager: Default, FMLFileResourcePack:Forge Mod Loader, FMLFileResourcePack:Minecraft Forge, FMLFileResourcePack:Example Mod
[23:01:51] [Sound Library Loader/INFO]: Starting up SoundSystem...
[23:01:51] [Thread-7/INFO]: Initializing LWJGL OpenAL
[23:01:51] [Thread-7/INFO]: (The LWJGL binding of OpenAL.  For more information, see http://www.lwjgl.org)
[23:01:53] [Thread-7/INFO]: OpenAL initialized.
[23:01:53] [Sound Library Loader/INFO]: Sound engine started
[23:01:56] [Client thread/INFO]: Created: 16x16 textures-atlas
[23:02:00] [Client thread/INFO]: Reloading ResourceManager: Default, FMLFileResourcePack:Forge Mod Loader, FMLFileResourcePack:Minecraft Forge, FMLFileResourcePack:Example Mod
[23:02:20] [Client thread/INFO]: SoundSystem shutting down...
[23:02:20] [Client thread/WARN]: Author: Paul Lamb, www.paulscode.com
[23:02:20] [Sound Library Loader/INFO]: Starting up SoundSystem...
[23:02:20] [Thread-9/INFO]: Initializing LWJGL OpenAL
[23:02:20] [Thread-9/INFO]: (The LWJGL binding of OpenAL.  For more information, see http://www.lwjgl.org)
[23:02:20] [Thread-9/INFO]: OpenAL initialized.
[23:02:21] [Sound Library Loader/INFO]: Sound engine started
[23:02:24] [Client thread/INFO]: Created: 1024x512 textures-atlas
[23:02:29] [Realms Notification Availability checker #1/INFO]: Could not authorize you against Realms server: Invalid session id
[23:02:36] [Client thread/INFO]: Stopping!
[23:02:36] [Client thread/INFO]: SoundSystem shutting down...
[23:02:36] [Client thread/WARN]: Author: Paul Lamb, www.paulscode.com
